Arguments: 
  /Users/drnutsu/.nvm/versions/node/v10.19.0/bin/node /usr/local/Cellar/yarn/1.15.2/libexec/bin/yarn.js install

PATH: 
  /Users/drnutsu/.nvm/versions/node/v10.19.0/bin:/Users/drnutsu/Desktop/App/google-cloud-sdk/bin:/Library/PostgreSQL/10/bin:/Users/drnutsu/.cargo/bin:/Users/drnutsu/.cargo/bin:/usr/local/bin:/usr/bin:/bin:/usr/sbin:/sbin:/usr/local/go/bin:/Library/Apple/usr/bin:/Users/drnutsu/Desktop/App/google-cloud-sdk/bin:/Library/PostgreSQL/10/bin:/Users/drnutsu/.cargo/bin:/Users/drnutsu/Library/Android/sdk/platform-tools:/usr/local/opt/fzf/bin:/Users/drnutsu/Library/Android/sdk/platform-tools

Yarn version: 
  1.15.2

Node version: 
  10.19.0

Platform: 
  darwin x64

Trace: 
  SyntaxError: /Users/drnutsu/otherProject/mindmark/package.json: Unexpected token / in JSON at position 1221
      at JSON.parse (<anonymous>)
      at /usr/local/Cellar/yarn/1.15.2/libexec/lib/cli.js:1625:59
      at Generator.next (<anonymous>)
      at step (/usr/local/Cellar/yarn/1.15.2/libexec/lib/cli.js:304:30)
      at /usr/local/Cellar/yarn/1.15.2/libexec/lib/cli.js:315:13

npm manifest: 
  {
    "name": "mindmark",
    "version": "1.0.0",
    "main": "index.js",
    "author": "Nutsu <dentistnut@gmail.com>",
    "license": "MIT",
    "scripts": {
      "build:contentscript-background": "NODE_ENV=production webpack --config webpack.config.js",
      "build": "npm-run-all build:*",
      "watch:contentscript-background": "NODE_ENV=development webpack --config webpack.config.js -w",
      "watch:popup": "npm run watch:build --prefix src/popup",
      "build:popup": "INLINE_RUNTIME_CHUNK=false npm run build --prefix src/popup && cd src/popup/build && cpy * /static/* ../../../dist/popup --parents",
      "watch": "npm-run-all --parallel watch:*",
      "clean": "rm -rf dist && cpy manifest.json dist && cpy src/assets/* dist/assets",
      "prebuild": "npm run clean",
      "prewatch": "npm run clean"
    },
    "devDependencies": {
      "@types/chrome": "^0.0.125",
      "@types/node": "^14.14.2",
      "awesome-typescript-loader": "^5.2.1",
      "cpy-cli": "^3.1.1",
      "cra-build-watch": "^3.2.0",
      "css-loader": "^5.0.0",
      "mini-css-extract-plugin": "^1.1.2",
      "node-sass": "^4.14.1",
      "npm-run-all": "^4.1.5",
      "sass-loader": "^10.0.4",
      "ts-node": "^9.0.0",
      "tslint": "^6.1.3",
      "typescript": "^4.0.3",
      // "webpack": "4.41.2",
      "webpack-cli": "^4.1.0"
    }
  }

yarn manifest: 
  No manifest

Lockfile: 
  No lockfile
